<?xml version="1.0" encoding="UTF-8"?>
<testsuite errors="0" failures="0" name="this is test feature" skipped="0" tests="1" time="0.038936">
<testcase classname="this is test feature" name="this is test scenario" time="0.038936">
  <system-out/>
  <system-err/>
</testcase>
  <system-out>
    <![CDATA[]]>
  </system-out>
  <system-err>
    <![CDATA[]]>
  </system-err>
</testsuite>
